potociarm@NB1743:~/devops-academy-assignment/section-1/task-A/terraform$ tf apply -auto-approve

Terraform used the selected providers to generate the following execution plan. Resource
actions are indicated with the following symbols:
  + create

Terraform will perform the following actions:

  # module.vpc_alpha.aws_internet_gateway.gw will be created
  + resource "aws_internet_gateway" "gw" {
      + arn      = (known after apply)
      + id       = (known after apply)
      + owner_id = (known after apply)
      + region   = "eu-central-1"
      + tags_all = (known after apply)
      + vpc_id   = (known after apply)
    }

  # module.vpc_alpha.aws_vpc.this will be created
  + resource "aws_vpc" "this" {
      + arn                                  = (known after apply)
      + cidr_block                           = "10.0.0.0/16"
      + default_network_acl_id               = (known after apply)
      + default_route_table_id               = (known after apply)
      + default_security_group_id            = (known after apply)
      + dhcp_options_id                      = (known after apply)
      + enable_dns_hostnames                 = (known after apply)
      + enable_dns_support                   = true
      + enable_network_address_usage_metrics = (known after apply)
      + id                                   = (known after apply)
      + instance_tenancy                     = "default"
      + ipv6_association_id                  = (known after apply)
      + ipv6_cidr_block                      = (known after apply)
      + ipv6_cidr_block_network_border_group = (known after apply)
      + main_route_table_id                  = (known after apply)
      + owner_id                             = (known after apply)
      + region                               = "eu-central-1"
      + tags_all                             = (known after apply)
    }

  # module.vpc_beta.aws_internet_gateway.gw will be created
  + resource "aws_internet_gateway" "gw" {
      + arn      = (known after apply)
      + id       = (known after apply)
      + owner_id = (known after apply)
      + region   = "eu-central-1"
      + tags_all = (known after apply)
      + vpc_id   = (known after apply)
    }

  # module.vpc_beta.aws_vpc.this will be created
  + resource "aws_vpc" "this" {
      + arn                                  = (known after apply)
      + cidr_block                           = "10.1.0.0/16"
      + default_network_acl_id               = (known after apply)
      + default_route_table_id               = (known after apply)
      + default_security_group_id            = (known after apply)
      + dhcp_options_id                      = (known after apply)
      + enable_dns_hostnames                 = (known after apply)
      + enable_dns_support                   = true
      + enable_network_address_usage_metrics = (known after apply)
      + id                                   = (known after apply)
      + instance_tenancy                     = "default"
      + ipv6_association_id                  = (known after apply)
      + ipv6_cidr_block                      = (known after apply)
      + ipv6_cidr_block_network_border_group = (known after apply)
      + main_route_table_id                  = (known after apply)
      + owner_id                             = (known after apply)
      + region                               = "eu-central-1"
      + tags_all                             = (known after apply)
    }

  # module.vpc_alpha.module.az_networks["0"].aws_eip.nat will be created
  + resource "aws_eip" "nat" {
      + allocation_id        = (known after apply)
      + arn                  = (known after apply)
      + association_id       = (known after apply)
      + carrier_ip           = (known after apply)
      + customer_owned_ip    = (known after apply)
      + domain               = "vpc"
      + id                   = (known after apply)
      + instance             = (known after apply)
      + ipam_pool_id         = (known after apply)
      + network_border_group = (known after apply)
      + network_interface    = (known after apply)
      + private_dns          = (known after apply)
      + private_ip           = (known after apply)
      + ptr_record           = (known after apply)
      + public_dns           = (known after apply)
      + public_ip            = (known after apply)
      + public_ipv4_pool     = (known after apply)
      + region               = "eu-central-1"
      + tags_all             = (known after apply)
    }

  # module.vpc_alpha.module.az_networks["0"].aws_nat_gateway.nat will be created
  + resource "aws_nat_gateway" "nat" {
      + allocation_id                      = (known after apply)
      + association_id                     = (known after apply)
      + connectivity_type                  = "public"
      + id                                 = (known after apply)
      + network_interface_id               = (known after apply)
      + private_ip                         = (known after apply)
      + public_ip                          = (known after apply)
      + region                             = "eu-central-1"
      + secondary_allocation_ids           = (known after apply)
      + secondary_private_ip_address_count = (known after apply)
      + secondary_private_ip_addresses     = (known after apply)
      + subnet_id                          = (known after apply)
      + tags_all                           = (known after apply)
    }

  # module.vpc_alpha.module.az_networks["0"].aws_route.private_nat_access will be created
  + resource "aws_route" "private_nat_access" {
      + destination_cidr_block = "0.0.0.0/0"
      + id                     = (known after apply)
      + instance_id            = (known after apply)
      + instance_owner_id      = (known after apply)
      + nat_gateway_id         = (known after apply)
      + network_interface_id   = (known after apply)
      + origin                 = (known after apply)
      + region                 = "eu-central-1"
      + route_table_id         = (known after apply)
      + state                  = (known after apply)
    }

  # module.vpc_alpha.module.az_networks["0"].aws_route.public_internet_access will be created
  + resource "aws_route" "public_internet_access" {
      + destination_cidr_block = "0.0.0.0/0"
      + gateway_id             = (known after apply)
      + id                     = (known after apply)
      + instance_id            = (known after apply)
      + instance_owner_id      = (known after apply)
      + network_interface_id   = (known after apply)
      + origin                 = (known after apply)
      + region                 = "eu-central-1"
      + route_table_id         = (known after apply)
      + state                  = (known after apply)
    }

  # module.vpc_alpha.module.az_networks["0"].aws_route_table.private will be created
  + resource "aws_route_table" "private" {
      + arn              = (known after apply)
      + id               = (known after apply)
      + owner_id         = (known after apply)
      + propagating_vgws = (known after apply)
      + region           = "eu-central-1"
      + route            = (known after apply)
      + tags_all         = (known after apply)
      + vpc_id           = (known after apply)
    }

  # module.vpc_alpha.module.az_networks["0"].aws_route_table.public will be created
  + resource "aws_route_table" "public" {
      + arn              = (known after apply)
      + id               = (known after apply)
      + owner_id         = (known after apply)
      + propagating_vgws = (known after apply)
      + region           = "eu-central-1"
      + route            = (known after apply)
      + tags_all         = (known after apply)
      + vpc_id           = (known after apply)
    }

  # module.vpc_alpha.module.az_networks["0"].aws_route_table_association.private will be created
  + resource "aws_route_table_association" "private" {
      + id             = (known after apply)
      + region         = "eu-central-1"
      + route_table_id = (known after apply)
      + subnet_id      = (known after apply)
    }

  # module.vpc_alpha.module.az_networks["0"].aws_route_table_association.public will be created
  + resource "aws_route_table_association" "public" {
      + id             = (known after apply)
      + region         = "eu-central-1"
      + route_table_id = (known after apply)
      + subnet_id      = (known after apply)
    }

  # module.vpc_alpha.module.az_networks["0"].aws_subnet.private will be created
  + resource "aws_subnet" "private" {
      + arn                                            = (known after apply)
      + assign_ipv6_address_on_creation                = false
      + availability_zone                              = "eu-central-1a"
      + availability_zone_id                           = (known after apply)
      + cidr_block                                     = "10.0.2.0/24"
      + enable_dns64                                   = false
      + enable_resource_name_dns_a_record_on_launch    = false
      + enable_resource_name_dns_aaaa_record_on_launch = false
      + id                                             = (known after apply)
      + ipv6_cidr_block_association_id                 = (known after apply)
      + ipv6_native                                    = false
      + map_public_ip_on_launch                        = false
      + owner_id                                       = (known after apply)
      + private_dns_hostname_type_on_launch            = (known after apply)
      + region                                         = "eu-central-1"
      + tags_all                                       = (known after apply)
      + vpc_id                                         = (known after apply)
    }

  # module.vpc_alpha.module.az_networks["0"].aws_subnet.public will be created
  + resource "aws_subnet" "public" {
      + arn                                            = (known after apply)
      + assign_ipv6_address_on_creation                = false
      + availability_zone                              = "eu-central-1a"
      + availability_zone_id                           = (known after apply)
      + cidr_block                                     = "10.0.0.0/24"
      + enable_dns64                                   = false
      + enable_resource_name_dns_a_record_on_launch    = false
      + enable_resource_name_dns_aaaa_record_on_launch = false
      + id                                             = (known after apply)
      + ipv6_cidr_block_association_id                 = (known after apply)
      + ipv6_native                                    = false
      + map_public_ip_on_launch                        = true
      + owner_id                                       = (known after apply)
      + private_dns_hostname_type_on_launch            = (known after apply)
      + region                                         = "eu-central-1"
      + tags_all                                       = (known after apply)
      + vpc_id                                         = (known after apply)
    }

  # module.vpc_alpha.module.az_networks["1"].aws_eip.nat will be created
  + resource "aws_eip" "nat" {
      + allocation_id        = (known after apply)
      + arn                  = (known after apply)
      + association_id       = (known after apply)
      + carrier_ip           = (known after apply)
      + customer_owned_ip    = (known after apply)
      + domain               = "vpc"
      + id                   = (known after apply)
      + instance             = (known after apply)
      + ipam_pool_id         = (known after apply)
      + network_border_group = (known after apply)
      + network_interface    = (known after apply)
      + private_dns          = (known after apply)
      + private_ip           = (known after apply)
      + ptr_record           = (known after apply)
      + public_dns           = (known after apply)
      + public_ip            = (known after apply)
      + public_ipv4_pool     = (known after apply)
      + region               = "eu-central-1"
      + tags_all             = (known after apply)
    }

  # module.vpc_alpha.module.az_networks["1"].aws_nat_gateway.nat will be created
  + resource "aws_nat_gateway" "nat" {
      + allocation_id                      = (known after apply)
      + association_id                     = (known after apply)
      + connectivity_type                  = "public"
      + id                                 = (known after apply)
      + network_interface_id               = (known after apply)
      + private_ip                         = (known after apply)
      + public_ip                          = (known after apply)
      + region                             = "eu-central-1"
      + secondary_allocation_ids           = (known after apply)
      + secondary_private_ip_address_count = (known after apply)
      + secondary_private_ip_addresses     = (known after apply)
      + subnet_id                          = (known after apply)
      + tags_all                           = (known after apply)
    }

  # module.vpc_alpha.module.az_networks["1"].aws_route.private_nat_access will be created
  + resource "aws_route" "private_nat_access" {
      + destination_cidr_block = "0.0.0.0/0"
      + id                     = (known after apply)
      + instance_id            = (known after apply)
      + instance_owner_id      = (known after apply)
      + nat_gateway_id         = (known after apply)
      + network_interface_id   = (known after apply)
      + origin                 = (known after apply)
      + region                 = "eu-central-1"
      + route_table_id         = (known after apply)
      + state                  = (known after apply)
    }

  # module.vpc_alpha.module.az_networks["1"].aws_route.public_internet_access will be created
  + resource "aws_route" "public_internet_access" {
      + destination_cidr_block = "0.0.0.0/0"
      + gateway_id             = (known after apply)
      + id                     = (known after apply)
      + instance_id            = (known after apply)
      + instance_owner_id      = (known after apply)
      + network_interface_id   = (known after apply)
      + origin                 = (known after apply)
      + region                 = "eu-central-1"
      + route_table_id         = (known after apply)
      + state                  = (known after apply)
    }

  # module.vpc_alpha.module.az_networks["1"].aws_route_table.private will be created
  + resource "aws_route_table" "private" {
      + arn              = (known after apply)
      + id               = (known after apply)
      + owner_id         = (known after apply)
      + propagating_vgws = (known after apply)
      + region           = "eu-central-1"
      + route            = (known after apply)
      + tags_all         = (known after apply)
      + vpc_id           = (known after apply)
    }

  # module.vpc_alpha.module.az_networks["1"].aws_route_table.public will be created
  + resource "aws_route_table" "public" {
      + arn              = (known after apply)
      + id               = (known after apply)
      + owner_id         = (known after apply)
      + propagating_vgws = (known after apply)
      + region           = "eu-central-1"
      + route            = (known after apply)
      + tags_all         = (known after apply)
      + vpc_id           = (known after apply)
    }

  # module.vpc_alpha.module.az_networks["1"].aws_route_table_association.private will be created
  + resource "aws_route_table_association" "private" {
      + id             = (known after apply)
      + region         = "eu-central-1"
      + route_table_id = (known after apply)
      + subnet_id      = (known after apply)
    }

  # module.vpc_alpha.module.az_networks["1"].aws_route_table_association.public will be created
  + resource "aws_route_table_association" "public" {
      + id             = (known after apply)
      + region         = "eu-central-1"
      + route_table_id = (known after apply)
      + subnet_id      = (known after apply)
    }

  # module.vpc_alpha.module.az_networks["1"].aws_subnet.private will be created
  + resource "aws_subnet" "private" {
      + arn                                            = (known after apply)
      + assign_ipv6_address_on_creation                = false
      + availability_zone                              = "eu-central-1c"
      + availability_zone_id                           = (known after apply)
      + cidr_block                                     = "10.0.3.0/24"
      + enable_dns64                                   = false
      + enable_resource_name_dns_a_record_on_launch    = false
      + enable_resource_name_dns_aaaa_record_on_launch = false
      + id                                             = (known after apply)
      + ipv6_cidr_block_association_id                 = (known after apply)
      + ipv6_native                                    = false
      + map_public_ip_on_launch                        = false
      + owner_id                                       = (known after apply)
      + private_dns_hostname_type_on_launch            = (known after apply)
      + region                                         = "eu-central-1"
      + tags_all                                       = (known after apply)
      + vpc_id                                         = (known after apply)
    }

  # module.vpc_alpha.module.az_networks["1"].aws_subnet.public will be created
  + resource "aws_subnet" "public" {
      + arn                                            = (known after apply)
      + assign_ipv6_address_on_creation                = false
      + availability_zone                              = "eu-central-1c"
      + availability_zone_id                           = (known after apply)
      + cidr_block                                     = "10.0.1.0/24"
      + enable_dns64                                   = false
      + enable_resource_name_dns_a_record_on_launch    = false
      + enable_resource_name_dns_aaaa_record_on_launch = false
      + id                                             = (known after apply)
      + ipv6_cidr_block_association_id                 = (known after apply)
      + ipv6_native                                    = false
      + map_public_ip_on_launch                        = true
      + owner_id                                       = (known after apply)
      + private_dns_hostname_type_on_launch            = (known after apply)
      + region                                         = "eu-central-1"
      + tags_all                                       = (known after apply)
      + vpc_id                                         = (known after apply)
    }

  # module.vpc_beta.module.az_networks["0"].aws_eip.nat will be created
  + resource "aws_eip" "nat" {
      + allocation_id        = (known after apply)
      + arn                  = (known after apply)
      + association_id       = (known after apply)
      + carrier_ip           = (known after apply)
      + customer_owned_ip    = (known after apply)
      + domain               = "vpc"
      + id                   = (known after apply)
      + instance             = (known after apply)
      + ipam_pool_id         = (known after apply)
      + network_border_group = (known after apply)
      + network_interface    = (known after apply)
      + private_dns          = (known after apply)
      + private_ip           = (known after apply)
      + ptr_record           = (known after apply)
      + public_dns           = (known after apply)
      + public_ip            = (known after apply)
      + public_ipv4_pool     = (known after apply)
      + region               = "eu-central-1"
      + tags_all             = (known after apply)
    }

  # module.vpc_beta.module.az_networks["0"].aws_nat_gateway.nat will be created
  + resource "aws_nat_gateway" "nat" {
      + allocation_id                      = (known after apply)
      + association_id                     = (known after apply)
      + connectivity_type                  = "public"
      + id                                 = (known after apply)
      + network_interface_id               = (known after apply)
      + private_ip                         = (known after apply)
      + public_ip                          = (known after apply)
      + region                             = "eu-central-1"
      + secondary_allocation_ids           = (known after apply)
      + secondary_private_ip_address_count = (known after apply)
      + secondary_private_ip_addresses     = (known after apply)
      + subnet_id                          = (known after apply)
      + tags_all                           = (known after apply)
    }

  # module.vpc_beta.module.az_networks["0"].aws_route.private_nat_access will be created
  + resource "aws_route" "private_nat_access" {
      + destination_cidr_block = "0.0.0.0/0"
      + id                     = (known after apply)
      + instance_id            = (known after apply)
      + instance_owner_id      = (known after apply)
      + nat_gateway_id         = (known after apply)
      + network_interface_id   = (known after apply)
      + origin                 = (known after apply)
      + region                 = "eu-central-1"
      + route_table_id         = (known after apply)
      + state                  = (known after apply)
    }

  # module.vpc_beta.module.az_networks["0"].aws_route.public_internet_access will be created
  + resource "aws_route" "public_internet_access" {
      + destination_cidr_block = "0.0.0.0/0"
      + gateway_id             = (known after apply)
      + id                     = (known after apply)
      + instance_id            = (known after apply)
      + instance_owner_id      = (known after apply)
      + network_interface_id   = (known after apply)
      + origin                 = (known after apply)
      + region                 = "eu-central-1"
      + route_table_id         = (known after apply)
      + state                  = (known after apply)
    }

  # module.vpc_beta.module.az_networks["0"].aws_route_table.private will be created
  + resource "aws_route_table" "private" {
      + arn              = (known after apply)
      + id               = (known after apply)
      + owner_id         = (known after apply)
      + propagating_vgws = (known after apply)
      + region           = "eu-central-1"
      + route            = (known after apply)
      + tags_all         = (known after apply)
      + vpc_id           = (known after apply)
    }

  # module.vpc_beta.module.az_networks["0"].aws_route_table.public will be created
  + resource "aws_route_table" "public" {
      + arn              = (known after apply)
      + id               = (known after apply)
      + owner_id         = (known after apply)
      + propagating_vgws = (known after apply)
      + region           = "eu-central-1"
      + route            = (known after apply)
      + tags_all         = (known after apply)
      + vpc_id           = (known after apply)
    }

  # module.vpc_beta.module.az_networks["0"].aws_route_table_association.private will be created
  + resource "aws_route_table_association" "private" {
      + id             = (known after apply)
      + region         = "eu-central-1"
      + route_table_id = (known after apply)
      + subnet_id      = (known after apply)
    }

  # module.vpc_beta.module.az_networks["0"].aws_route_table_association.public will be created
  + resource "aws_route_table_association" "public" {
      + id             = (known after apply)
      + region         = "eu-central-1"
      + route_table_id = (known after apply)
      + subnet_id      = (known after apply)
    }

  # module.vpc_beta.module.az_networks["0"].aws_subnet.private will be created
  + resource "aws_subnet" "private" {
      + arn                                            = (known after apply)
      + assign_ipv6_address_on_creation                = false
      + availability_zone                              = "eu-central-1b"
      + availability_zone_id                           = (known after apply)
      + cidr_block                                     = "10.1.1.0/24"
      + enable_dns64                                   = false
      + enable_resource_name_dns_a_record_on_launch    = false
      + enable_resource_name_dns_aaaa_record_on_launch = false
      + id                                             = (known after apply)
      + ipv6_cidr_block_association_id                 = (known after apply)
      + ipv6_native                                    = false
      + map_public_ip_on_launch                        = false
      + owner_id                                       = (known after apply)
      + private_dns_hostname_type_on_launch            = (known after apply)
      + region                                         = "eu-central-1"
      + tags_all                                       = (known after apply)
      + vpc_id                                         = (known after apply)
    }

  # module.vpc_beta.module.az_networks["0"].aws_subnet.public will be created
  + resource "aws_subnet" "public" {
      + arn                                            = (known after apply)
      + assign_ipv6_address_on_creation                = false
      + availability_zone                              = "eu-central-1b"
      + availability_zone_id                           = (known after apply)
      + cidr_block                                     = "10.1.0.0/24"
      + enable_dns64                                   = false
      + enable_resource_name_dns_a_record_on_launch    = false
      + enable_resource_name_dns_aaaa_record_on_launch = false
      + id                                             = (known after apply)
      + ipv6_cidr_block_association_id                 = (known after apply)
      + ipv6_native                                    = false
      + map_public_ip_on_launch                        = true
      + owner_id                                       = (known after apply)
      + private_dns_hostname_type_on_launch            = (known after apply)
      + region                                         = "eu-central-1"
      + tags_all                                       = (known after apply)
      + vpc_id                                         = (known after apply)
    }

Plan: 34 to add, 0 to change, 0 to destroy.
module.vpc_alpha.module.az_networks["1"].aws_eip.nat: Creating...
module.vpc_alpha.aws_vpc.this: Creating...
module.vpc_beta.module.az_networks["0"].aws_eip.nat: Creating...
module.vpc_alpha.module.az_networks["0"].aws_eip.nat: Creating...
module.vpc_beta.aws_vpc.this: Creating...
module.vpc_alpha.module.az_networks["1"].aws_eip.nat: Creation complete after 1s [id=eipalloc-093397aced7a9b03e]
module.vpc_beta.module.az_networks["0"].aws_eip.nat: Creation complete after 1s [id=eipalloc-0d28a785af1c7341b]
module.vpc_alpha.module.az_networks["0"].aws_eip.nat: Creation complete after 1s [id=eipalloc-0d7a69d3dc52365f3]
module.vpc_alpha.aws_vpc.this: Creation complete after 1s [id=vpc-02a0baf5f4da7aac9]
module.vpc_beta.aws_vpc.this: Creation complete after 1s [id=vpc-0caff371b17ac4c80]
module.vpc_alpha.module.az_networks["1"].aws_subnet.public: Creating...
module.vpc_alpha.module.az_networks["1"].aws_route_table.private: Creating...
module.vpc_alpha.module.az_networks["0"].aws_route_table.private: Creating...
module.vpc_alpha.aws_internet_gateway.gw: Creating...
module.vpc_alpha.module.az_networks["0"].aws_subnet.private: Creating...
module.vpc_alpha.module.az_networks["1"].aws_route_table.public: Creating...
module.vpc_alpha.module.az_networks["0"].aws_route_table.public: Creating...
module.vpc_alpha.module.az_networks["0"].aws_subnet.public: Creating...
module.vpc_beta.aws_internet_gateway.gw: Creating...
module.vpc_alpha.module.az_networks["1"].aws_subnet.private: Creating...
module.vpc_alpha.module.az_networks["1"].aws_route_table.public: Creation complete after 1s [id=rtb-044b8b99d1e91c284]
module.vpc_alpha.module.az_networks["1"].aws_route_table.private: Creation complete after 1s [id=rtb-02899d8320db852f2]
module.vpc_beta.module.az_networks["0"].aws_route_table.private: Creating...
module.vpc_beta.module.az_networks["0"].aws_subnet.private: Creating...
module.vpc_alpha.module.az_networks["0"].aws_route_table.public: Creation complete after 1s [id=rtb-0cf3047b8065ca8dd]
module.vpc_beta.module.az_networks["0"].aws_route_table.public: Creating...
module.vpc_alpha.module.az_networks["0"].aws_route_table.private: Creation complete after 1s [id=rtb-091ea9b46f37a44b5]
module.vpc_beta.module.az_networks["0"].aws_subnet.public: Creating...
module.vpc_beta.aws_internet_gateway.gw: Creation complete after 2s [id=igw-0d88c5abd728e45fc]
module.vpc_alpha.aws_internet_gateway.gw: Creation complete after 2s [id=igw-0f54c16422e078649]
module.vpc_alpha.module.az_networks["0"].aws_route.public_internet_access: Creating...
module.vpc_alpha.module.az_networks["1"].aws_route.public_internet_access: Creating...
module.vpc_alpha.module.az_networks["0"].aws_subnet.private: Creation complete after 2s [id=subnet-0a9803cda135774bc]
module.vpc_beta.module.az_networks["0"].aws_route_table.private: Creation complete after 1s [id=rtb-0a23d449123764024]
module.vpc_beta.module.az_networks["0"].aws_route_table.public: Creation complete after 1s [id=rtb-005058785e9c21feb]
module.vpc_beta.module.az_networks["0"].aws_route.public_internet_access: Creating...
module.vpc_alpha.module.az_networks["1"].aws_subnet.private: Creation complete after 1s [id=subnet-03a327d94878c4a52]
module.vpc_alpha.module.az_networks["1"].aws_route_table_association.private: Creating...
module.vpc_alpha.module.az_networks["0"].aws_route_table_association.private: Creating...
module.vpc_beta.module.az_networks["0"].aws_subnet.private: Creation complete after 1s [id=subnet-0b1be513827b3dec6]
module.vpc_alpha.module.az_networks["1"].aws_route.public_internet_access: Creation complete after 0s [id=r-rtb-044b8b99d1e91c2841080289494]
module.vpc_beta.module.az_networks["0"].aws_route_table_association.private: Creating...
module.vpc_alpha.module.az_networks["0"].aws_route.public_internet_access: Creation complete after 0s [id=r-rtb-0cf3047b8065ca8dd1080289494]
module.vpc_alpha.module.az_networks["0"].aws_route_table_association.private: Creation complete after 0s [id=rtbassoc-0dd5281d940ade0fe]
module.vpc_alpha.module.az_networks["1"].aws_route_table_association.private: Creation complete after 0s [id=rtbassoc-08a38c8f372e75263]
module.vpc_beta.module.az_networks["0"].aws_route_table_association.private: Creation complete after 1s [id=rtbassoc-04e2e3b24288f28ac]
module.vpc_beta.module.az_networks["0"].aws_route.public_internet_access: Creation complete after 1s [id=r-rtb-005058785e9c21feb1080289494]
module.vpc_alpha.module.az_networks["1"].aws_subnet.public: Still creating... [00m10s elapsed]
module.vpc_alpha.module.az_networks["0"].aws_subnet.public: Still creating... [00m10s elapsed]
module.vpc_beta.module.az_networks["0"].aws_subnet.public: Still creating... [00m10s elapsed]
module.vpc_alpha.module.az_networks["0"].aws_subnet.public: Creation complete after 12s [id=subnet-06cda5677c868078a]
module.vpc_beta.module.az_networks["0"].aws_subnet.public: Creation complete after 11s [id=subnet-0ae590ceb2acc7999]
module.vpc_beta.module.az_networks["0"].aws_route_table_association.public: Creating...
module.vpc_beta.module.az_networks["0"].aws_nat_gateway.nat: Creating...
module.vpc_beta.module.az_networks["0"].aws_route_table_association.public: Creation complete after 0s [id=rtbassoc-04da1eb0afd824115]
module.vpc_alpha.module.az_networks["1"].aws_subnet.public: Creation complete after 14s [id=subnet-0116f78514bdfab3d]
module.vpc_alpha.module.az_networks["1"].aws_nat_gateway.nat: Creating...
module.vpc_alpha.module.az_networks["0"].aws_nat_gateway.nat: Creating...
module.vpc_alpha.module.az_networks["1"].aws_route_table_association.public: Creating...
module.vpc_alpha.module.az_networks["0"].aws_route_table_association.public: Creating...
module.vpc_alpha.module.az_networks["1"].aws_route_table_association.public: Creation complete after 1s [id=rtbassoc-05735f314dcb7329b]
module.vpc_alpha.module.az_networks["0"].aws_route_table_association.public: Creation complete after 1s [id=rtbassoc-015874a4949d38094]
module.vpc_beta.module.az_networks["0"].aws_nat_gateway.nat: Still creating... [00m10s elapsed]
module.vpc_alpha.module.az_networks["1"].aws_nat_gateway.nat: Still creating... [00m10s elapsed]
module.vpc_alpha.module.az_networks["0"].aws_nat_gateway.nat: Still creating... [00m10s elapsed]
module.vpc_beta.module.az_networks["0"].aws_nat_gateway.nat: Still creating... [00m20s elapsed]
module.vpc_alpha.module.az_networks["1"].aws_nat_gateway.nat: Still creating... [00m20s elapsed]
module.vpc_alpha.module.az_networks["0"].aws_nat_gateway.nat: Still creating... [00m20s elapsed]
module.vpc_beta.module.az_networks["0"].aws_nat_gateway.nat: Still creating... [00m30s elapsed]
module.vpc_alpha.module.az_networks["0"].aws_nat_gateway.nat: Still creating... [00m30s elapsed]
module.vpc_alpha.module.az_networks["1"].aws_nat_gateway.nat: Still creating... [00m30s elapsed]
module.vpc_beta.module.az_networks["0"].aws_nat_gateway.nat: Still creating... [00m40s elapsed]
module.vpc_alpha.module.az_networks["1"].aws_nat_gateway.nat: Still creating... [00m40s elapsed]
module.vpc_alpha.module.az_networks["0"].aws_nat_gateway.nat: Still creating... [00m40s elapsed]
module.vpc_beta.module.az_networks["0"].aws_nat_gateway.nat: Still creating... [00m50s elapsed]
module.vpc_alpha.module.az_networks["1"].aws_nat_gateway.nat: Still creating... [00m50s elapsed]
module.vpc_alpha.module.az_networks["0"].aws_nat_gateway.nat: Still creating... [00m50s elapsed]
module.vpc_beta.module.az_networks["0"].aws_nat_gateway.nat: Still creating... [01m00s elapsed]
module.vpc_alpha.module.az_networks["0"].aws_nat_gateway.nat: Still creating... [01m00s elapsed]
module.vpc_alpha.module.az_networks["1"].aws_nat_gateway.nat: Still creating... [01m00s elapsed]
module.vpc_beta.module.az_networks["0"].aws_nat_gateway.nat: Still creating... [01m10s elapsed]
module.vpc_alpha.module.az_networks["1"].aws_nat_gateway.nat: Still creating... [01m10s elapsed]
module.vpc_alpha.module.az_networks["0"].aws_nat_gateway.nat: Still creating... [01m10s elapsed]
module.vpc_beta.module.az_networks["0"].aws_nat_gateway.nat: Still creating... [01m20s elapsed]
module.vpc_alpha.module.az_networks["0"].aws_nat_gateway.nat: Still creating... [01m20s elapsed]
module.vpc_alpha.module.az_networks["1"].aws_nat_gateway.nat: Still creating... [01m20s elapsed]
module.vpc_beta.module.az_networks["0"].aws_nat_gateway.nat: Still creating... [01m30s elapsed]
module.vpc_alpha.module.az_networks["1"].aws_nat_gateway.nat: Still creating... [01m30s elapsed]
module.vpc_alpha.module.az_networks["0"].aws_nat_gateway.nat: Still creating... [01m30s elapsed]
module.vpc_beta.module.az_networks["0"].aws_nat_gateway.nat: Still creating... [01m40s elapsed]
module.vpc_alpha.module.az_networks["1"].aws_nat_gateway.nat: Still creating... [01m40s elapsed]
module.vpc_alpha.module.az_networks["0"].aws_nat_gateway.nat: Still creating... [01m40s elapsed]
module.vpc_beta.module.az_networks["0"].aws_nat_gateway.nat: Still creating... [01m50s elapsed]
module.vpc_alpha.module.az_networks["0"].aws_nat_gateway.nat: Still creating... [01m50s elapsed]
module.vpc_alpha.module.az_networks["1"].aws_nat_gateway.nat: Still creating... [01m50s elapsed]
module.vpc_beta.module.az_networks["0"].aws_nat_gateway.nat: Creation complete after 1m54s [id=nat-02fe14d282887f2d3]
module.vpc_beta.module.az_networks["0"].aws_route.private_nat_access: Creating...
module.vpc_beta.module.az_networks["0"].aws_route.private_nat_access: Creation complete after 0s [id=r-rtb-0a23d4491237640241080289494]
module.vpc_alpha.module.az_networks["0"].aws_nat_gateway.nat: Creation complete after 1m54s [id=nat-0e17d299ad2126784]
module.vpc_alpha.module.az_networks["1"].aws_nat_gateway.nat: Still creating... [02m00s elapsed]
module.vpc_alpha.module.az_networks["1"].aws_nat_gateway.nat: Creation complete after 2m4s [id=nat-068438d5d5d034036]
module.vpc_alpha.module.az_networks["1"].aws_route.private_nat_access: Creating...
module.vpc_alpha.module.az_networks["0"].aws_route.private_nat_access: Creating...
module.vpc_alpha.module.az_networks["1"].aws_route.private_nat_access: Creation complete after 0s [id=r-rtb-02899d8320db852f21080289494]
module.vpc_alpha.module.az_networks["0"].aws_route.private_nat_access: Creation complete after 0s [id=r-rtb-091ea9b46f37a44b51080289494]

Apply complete! Resources: 34 added, 0 changed, 0 destroyed.